Using pre-set license
Built from '2021.3/staging' branch; Version is '2021.3.10f1 (1c7d0df0160b) revision 1867021'; Using compiler version '192829333'; Build Type 'Release'
OS: 'Windows 10  (10.0.18363) 64bit Education' Language: 'ja' Physical Memory: 16115 MB
BatchMode: 1, IsHumanControllingUs: 0, StartBugReporterOnCrash: 0, Is64bit: 1, IsPro: 1

COMMAND LINE ARGUMENTS:
C:\Program Files\Unity\Hub\Editor\2021.3.10f1\Editor\Unity.exe
-adb2
-batchMode
-noUpm
-name
AssetImportWorker2
-projectPath
D:/Unity/Project/ItouProject/Practice
-logFile
Logs/AssetImportWorker2.log
-srvPort
60607
Successfully changed project path to: D:/Unity/Project/ItouProject/Practice
D:/Unity/Project/ItouProject/Practice
[UnityMemory] Configuration Parameters - Can be set up in boot.config
    "memorysetup-bucket-allocator-granularity=16"
    "memorysetup-bucket-allocator-bucket-count=8"
    "memorysetup-bucket-allocator-block-size=33554432"
    "memorysetup-bucket-allocator-block-count=8"
    "memorysetup-main-allocator-block-size=16777216"
    "memorysetup-thread-allocator-block-size=16777216"
    "memorysetup-gfx-main-allocator-block-size=16777216"
    "memorysetup-gfx-thread-allocator-block-size=16777216"
    "memorysetup-cache-allocator-block-size=4194304"
    "memorysetup-typetree-allocator-block-size=2097152"
    "memorysetup-profiler-bucket-allocator-granularity=16"
    "memorysetup-profiler-bucket-allocator-bucket-count=8"
    "memorysetup-profiler-bucket-allocator-block-size=33554432"
    "memorysetup-profiler-bucket-allocator-block-count=8"
    "memorysetup-profiler-allocator-block-size=16777216"
    "memorysetup-profiler-editor-allocator-block-size=1048576"
    "memorysetup-temp-allocator-size-main=16777216"
    "memorysetup-job-temp-allocator-block-size=2097152"
    "memorysetup-job-temp-allocator-block-size-background=1048576"
    "memorysetup-job-temp-allocator-reduction-small-platforms=262144"
    "memorysetup-temp-allocator-size-background-worker=32768"
    "memorysetup-temp-allocator-size-job-worker=262144"
    "memorysetup-temp-allocator-size-preload-manager=33554432"
    "memorysetup-temp-allocator-size-nav-mesh-worker=65536"
    "memorysetup-temp-allocator-size-audio-worker=65536"
    "memorysetup-temp-allocator-size-cloud-worker=32768"
    "memorysetup-temp-allocator-size-gi-baking-worker=262144"
    "memorysetup-temp-allocator-size-gfx=262144"
Refreshing native plugins compatible for Editor in 190.27 ms, found 6 plugins.
Preloading 0 native plugins for Editor in 0.00 ms.
Initialize engine version: 2021.3.10f1 (1c7d0df0160b)
[Subsystems] Discovering subsystems at path C:/Program Files/Unity/Hub/Editor/2021.3.10f1/Editor/Data/Resources/UnitySubsystems
[Subsystems] Discovering subsystems at path D:/Unity/Project/ItouProject/Practice/Assets
GfxDevice: creating device client; threaded=0; jobified=0
Direct3D:
    Version:  Direct3D 11.0 [level 11.1]
    Renderer: Intel(R) UHD Graphics (ID=0x9b41)
    Vendor:   Intel
    VRAM:     8057 MB
    Driver:   26.20.100.7210
Initialize mono
Mono path[0] = 'C:/Program Files/Unity/Hub/Editor/2021.3.10f1/Editor/Data/Managed'
Mono path[1] = 'C:/Program Files/Unity/Hub/Editor/2021.3.10f1/Editor/Data/MonoBleedingEdge/lib/mono/unityjit-win32'
Mono config path = 'C:/Program Files/Unity/Hub/Editor/2021.3.10f1/Editor/Data/MonoBleedingEdge/etc'
Using monoOptions --debugger-agent=transport=dt_socket,embedding=1,server=y,suspend=n,address=127.0.0.1:56520
Begin MonoManager ReloadAssembly
Registering precompiled unity dll's ...
Register platform support module: C:/Program Files/Unity/Hub/Editor/2021.3.10f1/Editor/Data/PlaybackEngines/WebGLSupport/UnityEditor.WebGL.Extensions.dll
Register platform support module: C:/Program Files/Unity/Hub/Editor/2021.3.10f1/Editor/Data/PlaybackEngines/WindowsStandaloneSupport/UnityEditor.WindowsStandalone.Extensions.dll
Registered in 0.012131 seconds.
Native extension for WindowsStandalone target not found
Native extension for WebGL target not found
Refreshing native plugins compatible for Editor in 175.09 ms, found 6 plugins.
Preloading 0 native plugins for Editor in 0.00 ms.
Mono: successfully reloaded assembly
- Completed reload, in  1.478 seconds
Domain Reload Profiling:
	ReloadAssembly (1479ms)
		BeginReloadAssembly (161ms)
			ExecutionOrderSort (0ms)
			DisableScriptedObjects (0ms)
			BackupInstance (0ms)
			ReleaseScriptingObjects (0ms)
			CreateAndSetChildDomain (1ms)
		EndReloadAssembly (1064ms)
			LoadAssemblies (158ms)
			RebuildTransferFunctionScriptingTraits (0ms)
			SetupTypeCache (274ms)
			ReleaseScriptCaches (0ms)
			RebuildScriptCaches (69ms)
			SetupLoadedEditorAssemblies (605ms)
				LogAssemblyErrors (0ms)
				InitializePlatformSupportModulesInManaged (18ms)
				SetLoadedEditorAssemblies (0ms)
				RefreshPlugins (175ms)
				BeforeProcessingInitializeOnLoad (3ms)
				ProcessInitializeOnLoadAttributes (299ms)
				ProcessInitializeOnLoadMethodAttributes (108ms)
				AfterProcessingInitializeOnLoad (0ms)
				EditorAssembliesLoaded (0ms)
			ExecutionOrderSort2 (0ms)
			AwakeInstancesAfterBackupRestoration (0ms)
Platform modules already initialized, skipping
Registering precompiled user dll's ...
Registered in 0.011350 seconds.
Begin MonoManager ReloadAssembly
Symbol file LoadedFromMemory doesn't match image D:\Unity\Project\ItouProject\Practice\Library\PackageCache\com.unity.visualscripting@1.7.8\Editor\VisualScripting.Core\Dependencies\DotNetZip\Unity.VisualScripting.IonicZip.dll
Symbol file LoadedFromMemory doesn't match image D:\Unity\Project\ItouProject\Practice\Library\PackageCache\com.unity.visualscripting@1.7.8\Editor\VisualScripting.Core\Dependencies\YamlDotNet\Unity.VisualScripting.YamlDotNet.dll
Native extension for WindowsStandalone target not found
Native extension for WebGL target not found
Refreshing native plugins compatible for Editor in 1.87 ms, found 6 plugins.
Preloading 0 native plugins for Editor in 0.00 ms.
Mono: successfully reloaded assembly
- Completed reload, in  4.105 seconds
Domain Reload Profiling:
	ReloadAssembly (4108ms)
		BeginReloadAssembly (407ms)
			ExecutionOrderSort (0ms)
			DisableScriptedObjects (24ms)
			BackupInstance (0ms)
			ReleaseScriptingObjects (1ms)
			CreateAndSetChildDomain (91ms)
		EndReloadAssembly (3253ms)
			LoadAssemblies (246ms)
			RebuildTransferFunctionScriptingTraits (0ms)
			SetupTypeCache (962ms)
			ReleaseScriptCaches (2ms)
			RebuildScriptCaches (207ms)
			SetupLoadedEditorAssemblies (1689ms)
				LogAssemblyErrors (0ms)
				InitializePlatformSupportModulesInManaged (24ms)
				SetLoadedEditorAssemblies (1ms)
				RefreshPlugins (2ms)
				BeforeProcessingInitializeOnLoad (280ms)
				ProcessInitializeOnLoadAttributes (1272ms)
				ProcessInitializeOnLoadMethodAttributes (93ms)
				AfterProcessingInitializeOnLoad (16ms)
				EditorAssembliesLoaded (0ms)
			ExecutionOrderSort2 (0ms)
			AwakeInstancesAfterBackupRestoration (17ms)
Platform modules already initialized, skipping
========================================================================
Worker process is ready to serve import requests
Launched and connected shader compiler UnityShaderCompiler.exe after 0.15 seconds
Refreshing native plugins compatible for Editor in 1.52 ms, found 6 plugins.
Preloading 0 native plugins for Editor in 0.00 ms.
Unloading 3463 Unused Serialized files (Serialized files now loaded: 0)
Unloading 80 unused Assets / (4.0 MB). Loaded Objects now: 3886.
Memory consumption went from 127.8 MB to 123.8 MB.
Total: 11.563500 ms (FindLiveObjects: 0.917000 ms CreateObjectMapping: 0.650400 ms MarkObjects: 6.185300 ms  DeleteObjects: 3.809200 ms)

AssetImportParameters requested are different than current active one (requested -> active):
  custom:video-decoder-ogg-theora: a1e56fd34408186e4bbccfd4996cb3dc -> 
  custom:container-muxer-webm: aa71ff27fc2769a1b78a27578f13a17b -> 
  custom:container-demuxer-webm: 4f35f7cbe854078d1ac9338744f61a02 -> 
  custom:video-encoder-webm-vp8: eb34c28f22e8b96e1ab97ce403110664 -> 
  custom:audio-encoder-webm-vorbis: bf7c407c2cedff20999df2af8eb42d56 -> 
  custom:framework-win-MediaFoundation: 216162199b28c13a410421893ffa2e32 -> 
  custom:container-demuxer-ogg: 62fdf1f143b41e24485cea50d1cbac27 -> 
  custom:video-decoder-webm-vp8: 9c59270c3fd7afecdb556c50c9e8de78 -> 
  custom:audio-decoder-ogg-vorbis: bf7c407c2cedff20999df2af8eb42d56 -> 
========================================================================
Received Import Request.
  Time since last request: 778658.277972 seconds.
  path: Assets/ae65c36ad6542666d770688734a4a030fb6212a8/刻晴/toon_defo.bmp
  artifactKey: Guid(5b65ecc39985f4f4da96b01726877c7b) Importer(815301076,1909f56bfc062723c751e8b465ee728b)
Start importing Assets/ae65c36ad6542666d770688734a4a030fb6212a8/刻晴/toon_defo.bmp using Guid(5b65ecc39985f4f4da96b01726877c7b) Importer(815301076,1909f56bfc062723c751e8b465ee728b)  -> (artifact id: '9c499c8590ce1faea2fe54ffc7da25d2') in 0.208683 seconds 
========================================================================
Received Import Request.
  Time since last request: 11.132837 seconds.
  path: Assets/ae65c36ad6542666d770688734a4a030fb6212a8/刻晴/刻晴.fbx
  artifactKey: Guid(5f05e31845811d84588f783a12752af6) Importer(815301076,1909f56bfc062723c751e8b465ee728b)
Start importing Assets/ae65c36ad6542666d770688734a4a030fb6212a8/刻晴/刻晴.fbx using Guid(5f05e31845811d84588f783a12752af6) Importer(815301076,1909f56bfc062723c751e8b465ee728b)  -> (artifact id: '7685b848719efdddedf647b31bd5d175') in 1.081478 seconds 
========================================================================
Received Import Request.
  Time since last request: 64.590714 seconds.
  path: Assets/ae65c36ad6542666d770688734a4a030fb6212a8/刻晴/Materials/0.men.mat
  artifactKey: Guid(8618db39ce60e2a46be390d5e2146ff3) Importer(815301076,1909f56bfc062723c751e8b465ee728b)
Start importing Assets/ae65c36ad6542666d770688734a4a030fb6212a8/刻晴/Materials/0.men.mat using Guid(8618db39ce60e2a46be390d5e2146ff3) Importer(815301076,1909f56bfc062723c751e8b465ee728b)  -> (artifact id: '9ee276554e6c0561905bb946f86f646b') in 0.077015 seconds 
========================================================================
Received Import Request.
  Time since last request: 0.000034 seconds.
  path: Assets/ae65c36ad6542666d770688734a4a030fb6212a8/刻晴/Materials/17.hada.mat
  artifactKey: Guid(b512342efcdd9744a9398130b60aa4c1) Importer(815301076,1909f56bfc062723c751e8b465ee728b)
Start importing Assets/ae65c36ad6542666d770688734a4a030fb6212a8/刻晴/Materials/17.hada.mat using Guid(b512342efcdd9744a9398130b60aa4c1) Importer(815301076,1909f56bfc062723c751e8b465ee728b)  -> (artifact id: '9e27c26ab80992b08c74702177b076e6') in 0.031657 seconds 
========================================================================
Received Import Request.
  Time since last request: 0.000071 seconds.
  path: Assets/ae65c36ad6542666d770688734a4a030fb6212a8/刻晴/Materials/13.kaminome_AL.mat
  artifactKey: Guid(4df44254efcc88646882345e4fa87144) Importer(815301076,1909f56bfc062723c751e8b465ee728b)
Start importing Assets/ae65c36ad6542666d770688734a4a030fb6212a8/刻晴/Materials/13.kaminome_AL.mat using Guid(4df44254efcc88646882345e4fa87144) Importer(815301076,1909f56bfc062723c751e8b465ee728b)  -> (artifact id: '335dd1ef0ee8dea7ad83212d758b4fbc') in 0.035738 seconds 
========================================================================
Received Import Request.
  Time since last request: 0.000088 seconds.
  path: Assets/ae65c36ad6542666d770688734a4a030fb6212a8/刻晴/Materials/3.me.mat
  artifactKey: Guid(5ebe848a516514948a9315e34911ff31) Importer(815301076,1909f56bfc062723c751e8b465ee728b)
Start importing Assets/ae65c36ad6542666d770688734a4a030fb6212a8/刻晴/Materials/3.me.mat using Guid(5ebe848a516514948a9315e34911ff31) Importer(815301076,1909f56bfc062723c751e8b465ee728b)  -> (artifact id: 'cb23205d280dbbffb9f94e38d6103fef') in 0.039020 seconds 
========================================================================
Received Import Request.
  Time since last request: 0.000051 seconds.
  path: Assets/ae65c36ad6542666d770688734a4a030fb6212a8/刻晴/Materials/9._.mat
  artifactKey: Guid(216772501bbace54c8366d025e056c36) Importer(815301076,1909f56bfc062723c751e8b465ee728b)
Start importing Assets/ae65c36ad6542666d770688734a4a030fb6212a8/刻晴/Materials/9._.mat using Guid(216772501bbace54c8366d025e056c36) Importer(815301076,1909f56bfc062723c751e8b465ee728b)  -> (artifact id: 'bdd387b2917acbe3b182a67213d302fd') in 0.035914 seconds 
========================================================================
Received Import Request.
  Time since last request: 0.000032 seconds.
  path: Assets/ae65c36ad6542666d770688734a4a030fb6212a8/刻晴/Materials/12.kaminome1.mat
  artifactKey: Guid(be8b94a7950d568499d3fb18377e4928) Importer(815301076,1909f56bfc062723c751e8b465ee728b)
Start importing Assets/ae65c36ad6542666d770688734a4a030fb6212a8/刻晴/Materials/12.kaminome1.mat using Guid(be8b94a7950d568499d3fb18377e4928) Importer(815301076,1909f56bfc062723c751e8b465ee728b)  -> (artifact id: '07a593c488fafa5a7b87b308b69958b6') in 0.032216 seconds 
========================================================================
Received Import Request.
  Time since last request: 0.000048 seconds.
  path: Assets/ae65c36ad6542666d770688734a4a030fb6212a8/刻晴/Materials/2.shirome.mat
  artifactKey: Guid(2d4688fb219149c49ba67adc087fd9e5) Importer(815301076,1909f56bfc062723c751e8b465ee728b)
Start importing Assets/ae65c36ad6542666d770688734a4a030fb6212a8/刻晴/Materials/2.shirome.mat using Guid(2d4688fb219149c49ba67adc087fd9e5) Importer(815301076,1909f56bfc062723c751e8b465ee728b)  -> (artifact id: '4799bc7212eed97c7c535b7a1638fe00') in 0.030529 seconds 
========================================================================
Received Import Request.
  Time since last request: 0.000033 seconds.
  path: Assets/ae65c36ad6542666d770688734a4a030fb6212a8/刻晴/Materials/7.kouzetsu.mat
  artifactKey: Guid(ecaa83b637aa2b04c876dfdf74172865) Importer(815301076,1909f56bfc062723c751e8b465ee728b)
Start importing Assets/ae65c36ad6542666d770688734a4a030fb6212a8/刻晴/Materials/7.kouzetsu.mat using Guid(ecaa83b637aa2b04c876dfdf74172865) Importer(815301076,1909f56bfc062723c751e8b465ee728b)  -> (artifact id: 'b4682038a402dc677a66b8ad0aa43798') in 0.033633 seconds 
========================================================================
Received Import Request.
  Time since last request: 0.000034 seconds.
  path: Assets/ae65c36ad6542666d770688734a4a030fb6212a8/刻晴/Materials/5.nijuu.mat
  artifactKey: Guid(178f6adb30b9ef148b168ac6b8fcff72) Importer(815301076,1909f56bfc062723c751e8b465ee728b)
Start importing Assets/ae65c36ad6542666d770688734a4a030fb6212a8/刻晴/Materials/5.nijuu.mat using Guid(178f6adb30b9ef148b168ac6b8fcff72) Importer(815301076,1909f56bfc062723c751e8b465ee728b)  -> (artifact id: '2450ef0729e8ca376423f97e598b3478') in 0.030498 seconds 
========================================================================
Received Import Request.
  Time since last request: 0.000033 seconds.
  path: Assets/ae65c36ad6542666d770688734a4a030fb6212a8/刻晴/Materials/4.matsuge.mat
  artifactKey: Guid(b62c0098a9d7f7440b1134cbd5ff4703) Importer(815301076,1909f56bfc062723c751e8b465ee728b)
Start importing Assets/ae65c36ad6542666d770688734a4a030fb6212a8/刻晴/Materials/4.matsuge.mat using Guid(b62c0098a9d7f7440b1134cbd5ff4703) Importer(815301076,1909f56bfc062723c751e8b465ee728b)  -> (artifact id: '6bb492d2242ba3573d402e5a39cc23db') in 0.032387 seconds 
========================================================================
Received Import Request.
  Time since last request: 0.000073 seconds.
  path: Assets/ae65c36ad6542666d770688734a4a030fb6212a8/刻晴/Materials/14.__.mat
  artifactKey: Guid(0e91e7524689770498641334f3c881ec) Importer(815301076,1909f56bfc062723c751e8b465ee728b)
Start importing Assets/ae65c36ad6542666d770688734a4a030fb6212a8/刻晴/Materials/14.__.mat using Guid(0e91e7524689770498641334f3c881ec) Importer(815301076,1909f56bfc062723c751e8b465ee728b)  -> (artifact id: 'ebd7a8883df65ae84139b6696b87eac4') in 0.032492 seconds 
========================================================================
Received Import Request.
  Time since last request: 0.000101 seconds.
  path: Assets/ae65c36ad6542666d770688734a4a030fb6212a8/刻晴/Materials/10._.mat
  artifactKey: Guid(ae912c84dfa472c4e859b0c6b3ce332d) Importer(815301076,1909f56bfc062723c751e8b465ee728b)
Start importing Assets/ae65c36ad6542666d770688734a4a030fb6212a8/刻晴/Materials/10._.mat using Guid(ae912c84dfa472c4e859b0c6b3ce332d) Importer(815301076,1909f56bfc062723c751e8b465ee728b)  -> (artifact id: '8cd535a0265150062ef14e456234bbc5') in 0.029549 seconds 
========================================================================
Received Import Request.
  Time since last request: 0.000038 seconds.
  path: Assets/ae65c36ad6542666d770688734a4a030fb6212a8/刻晴/Materials/8.meboshi.mat
  artifactKey: Guid(e7627ec5a02e03346a3c2445c872a283) Importer(815301076,1909f56bfc062723c751e8b465ee728b)
Start importing Assets/ae65c36ad6542666d770688734a4a030fb6212a8/刻晴/Materials/8.meboshi.mat using Guid(e7627ec5a02e03346a3c2445c872a283) Importer(815301076,1909f56bfc062723c751e8b465ee728b)  -> (artifact id: 'c36d7010303ff4aacf72c85cb18f6ae0') in 0.027857 seconds 
========================================================================
Received Import Request.
  Time since last request: 0.000037 seconds.
  path: Assets/ae65c36ad6542666d770688734a4a030fb6212a8/刻晴/Materials/15.momo.mat
  artifactKey: Guid(6bc0a162edab52e469ce45ac3bf73050) Importer(815301076,1909f56bfc062723c751e8b465ee728b)
Start importing Assets/ae65c36ad6542666d770688734a4a030fb6212a8/刻晴/Materials/15.momo.mat using Guid(6bc0a162edab52e469ce45ac3bf73050) Importer(815301076,1909f56bfc062723c751e8b465ee728b)  -> (artifact id: '8aaa2518e0c27b1d71ccfb8121a01478') in 0.029710 seconds 
========================================================================
Received Import Request.
  Time since last request: 0.000150 seconds.
  path: Assets/ae65c36ad6542666d770688734a4a030fb6212a8/刻晴/Materials/11.fuku.mat
  artifactKey: Guid(9186703c9bb283c4aa26a0f08fc4ddfc) Importer(815301076,1909f56bfc062723c751e8b465ee728b)
Start importing Assets/ae65c36ad6542666d770688734a4a030fb6212a8/刻晴/Materials/11.fuku.mat using Guid(9186703c9bb283c4aa26a0f08fc4ddfc) Importer(815301076,1909f56bfc062723c751e8b465ee728b)  -> (artifact id: '192e1d9e917dc62b76e02447cbddb60f') in 0.049263 seconds 
========================================================================
Received Import Request.
  Time since last request: 0.000086 seconds.
  path: Assets/ae65c36ad6542666d770688734a4a030fb6212a8/刻晴/Materials/6.mayu.mat
  artifactKey: Guid(03be2a0a22c3c3c48a0ad3dc0561ce2d) Importer(815301076,1909f56bfc062723c751e8b465ee728b)
Start importing Assets/ae65c36ad6542666d770688734a4a030fb6212a8/刻晴/Materials/6.mayu.mat using Guid(03be2a0a22c3c3c48a0ad3dc0561ce2d) Importer(815301076,1909f56bfc062723c751e8b465ee728b)  -> (artifact id: 'd45cbc0bb74f78238703e8c7f79d54a7') in 0.047295 seconds 
========================================================================
Received Import Request.
  Time since last request: 0.000365 seconds.
  path: Assets/ae65c36ad6542666d770688734a4a030fb6212a8/刻晴/Materials/16.shinki.mat
  artifactKey: Guid(8fab476611358414db9f1b1ca791bd25) Importer(815301076,1909f56bfc062723c751e8b465ee728b)
Start importing Assets/ae65c36ad6542666d770688734a4a030fb6212a8/刻晴/Materials/16.shinki.mat using Guid(8fab476611358414db9f1b1ca791bd25) Importer(815301076,1909f56bfc062723c751e8b465ee728b)  -> (artifact id: '734bea091d8e39fdd784c28e0128742a') in 0.033967 seconds 
========================================================================
Received Import Request.
  Time since last request: 0.000037 seconds.
  path: Assets/ae65c36ad6542666d770688734a4a030fb6212a8/刻晴/Materials/19.tere.mat
  artifactKey: Guid(2aedfcb1b556c9b4ebdedf27adc85b6a) Importer(815301076,1909f56bfc062723c751e8b465ee728b)
Start importing Assets/ae65c36ad6542666d770688734a4a030fb6212a8/刻晴/Materials/19.tere.mat using Guid(2aedfcb1b556c9b4ebdedf27adc85b6a) Importer(815301076,1909f56bfc062723c751e8b465ee728b)  -> (artifact id: '73b2f7222da0d21f10371bd108674fb9') in 0.035797 seconds 
========================================================================
Received Import Request.
  Time since last request: 0.000036 seconds.
  path: Assets/ae65c36ad6542666d770688734a4a030fb6212a8/刻晴/Materials/18._.mat
  artifactKey: Guid(cba6cced2bcb25f47a62b10bb3665656) Importer(815301076,1909f56bfc062723c751e8b465ee728b)
Start importing Assets/ae65c36ad6542666d770688734a4a030fb6212a8/刻晴/Materials/18._.mat using Guid(cba6cced2bcb25f47a62b10bb3665656) Importer(815301076,1909f56bfc062723c751e8b465ee728b)  -> (artifact id: 'bdc65e572eed92b50751e3d8b932d286') in 0.043669 seconds 
========================================================================
Received Import Request.
  Time since last request: 20.720714 seconds.
  path: Assets/ae65c36ad6542666d770688734a4a030fb6212a8/刻晴/Materials
  artifactKey: Guid(3cb8d00c74ba721489e6c657c88b0464) Importer(815301076,1909f56bfc062723c751e8b465ee728b)
Start importing Assets/ae65c36ad6542666d770688734a4a030fb6212a8/刻晴/Materials using Guid(3cb8d00c74ba721489e6c657c88b0464) Importer(815301076,1909f56bfc062723c751e8b465ee728b)  -> (artifact id: 'd4b44255e58e9fe58fa00f256b5bf12b') in 0.010667 seconds 
========================================================================
Received Import Request.
  Time since last request: 6.068146 seconds.
  path: Assets/ae65c36ad6542666d770688734a4a030fb6212a8/刻晴/sph
  artifactKey: Guid(ace2a56433e1f594cbca6287e294affc) Importer(815301076,1909f56bfc062723c751e8b465ee728b)
Start importing Assets/ae65c36ad6542666d770688734a4a030fb6212a8/刻晴/sph using Guid(ace2a56433e1f594cbca6287e294affc) Importer(815301076,1909f56bfc062723c751e8b465ee728b)  -> (artifact id: 'ee9c0791527edb700bc999cf0eb86eea') in 0.011288 seconds 
========================================================================
Received Import Request.
  Time since last request: 0.671982 seconds.
  path: Assets/ae65c36ad6542666d770688734a4a030fb6212a8/刻晴/tex
  artifactKey: Guid(c3a75f16da594954ba07827b5a5cfd9b) Importer(815301076,1909f56bfc062723c751e8b465ee728b)
Start importing Assets/ae65c36ad6542666d770688734a4a030fb6212a8/刻晴/tex using Guid(c3a75f16da594954ba07827b5a5cfd9b) Importer(815301076,1909f56bfc062723c751e8b465ee728b)  -> (artifact id: 'a4ac2a9a3915d7f48f6ef2a1efe2dc82') in 0.012798 seconds 
========================================================================
Received Import Request.
  Time since last request: 0.047743 seconds.
  path: Assets/ae65c36ad6542666d770688734a4a030fb6212a8/刻晴/tex/发.png
  artifactKey: Guid(9f986f550c34f66498e0d652d291c678) Importer(815301076,1909f56bfc062723c751e8b465ee728b)
Start importing Assets/ae65c36ad6542666d770688734a4a030fb6212a8/刻晴/tex/发.png using Guid(9f986f550c34f66498e0d652d291c678) Importer(815301076,1909f56bfc062723c751e8b465ee728b)  -> (artifact id: '6640f105379460255dadbb5d8cbcc266') in 0.035345 seconds 
========================================================================
Received Import Request.
  Time since last request: 0.000048 seconds.
  path: Assets/ae65c36ad6542666d770688734a4a030fb6212a8/刻晴/tex/肌.png
  artifactKey: Guid(19ceef3a074ceba4b938be3e7251e194) Importer(815301076,1909f56bfc062723c751e8b465ee728b)
Start importing Assets/ae65c36ad6542666d770688734a4a030fb6212a8/刻晴/tex/肌.png using Guid(19ceef3a074ceba4b938be3e7251e194) Importer(815301076,1909f56bfc062723c751e8b465ee728b)  -> (artifact id: '4e8faa15ce55b0e935a9a68e0622cfcd') in 0.039656 seconds 
========================================================================
Received Import Request.
  Time since last request: 0.000033 seconds.
  path: Assets/ae65c36ad6542666d770688734a4a030fb6212a8/刻晴/tex/表情.png
  artifactKey: Guid(78b8be7ec4c7133488c4b10e936e455e) Importer(815301076,1909f56bfc062723c751e8b465ee728b)
Start importing Assets/ae65c36ad6542666d770688734a4a030fb6212a8/刻晴/tex/表情.png using Guid(78b8be7ec4c7133488c4b10e936e455e) Importer(815301076,1909f56bfc062723c751e8b465ee728b)  -> (artifact id: '23e8f2c35e8a8e85411c0a2a1b8ab659') in 0.045160 seconds 
========================================================================
Received Import Request.
  Time since last request: 11.045628 seconds.
  path: Assets/ae65c36ad6542666d770688734a4a030fb6212a8
  artifactKey: Guid(85cfe45dd5f4f90449b788d6da0ab3d2) Importer(815301076,1909f56bfc062723c751e8b465ee728b)
Start importing Assets/ae65c36ad6542666d770688734a4a030fb6212a8 using Guid(85cfe45dd5f4f90449b788d6da0ab3d2) Importer(815301076,1909f56bfc062723c751e8b465ee728b)  -> (artifact id: 'bbfcce05b6f2758f02db913f784165aa') in 0.012764 seconds 
========================================================================
Received Import Request.
  Time since last request: 0.519144 seconds.
  path: Assets/ae65c36ad6542666d770688734a4a030fb6212a8/刻晴
  artifactKey: Guid(be95594e05e978f42bec6fa9ebda3c36) Importer(815301076,1909f56bfc062723c751e8b465ee728b)
Start importing Assets/ae65c36ad6542666d770688734a4a030fb6212a8/刻晴 using Guid(be95594e05e978f42bec6fa9ebda3c36) Importer(815301076,1909f56bfc062723c751e8b465ee728b)  -> (artifact id: '705aa81cf3b919924c30865c859aec60') in 0.003318 seconds 
========================================================================
Received Import Request.
  Time since last request: 5.641153 seconds.
  path: Assets/ae65c36ad6542666d770688734a4a030fb6212a8/刻晴/Materials/发.png
  artifactKey: Guid(edb46f9dfeca75e479114e63017d5f25) Importer(815301076,1909f56bfc062723c751e8b465ee728b)
Start importing Assets/ae65c36ad6542666d770688734a4a030fb6212a8/刻晴/Materials/发.png using Guid(edb46f9dfeca75e479114e63017d5f25) Importer(815301076,1909f56bfc062723c751e8b465ee728b)  -> (artifact id: '2083c76469bc67d68cbde706781fd0cc') in 0.023107 seconds 
========================================================================
Received Import Request.
  Time since last request: 0.008956 seconds.
  path: Assets/ae65c36ad6542666d770688734a4a030fb6212a8/刻晴/Materials/服.png
  artifactKey: Guid(83f9e2d7d319e544793699c741463ff7) Importer(815301076,1909f56bfc062723c751e8b465ee728b)
Start importing Assets/ae65c36ad6542666d770688734a4a030fb6212a8/刻晴/Materials/服.png using Guid(83f9e2d7d319e544793699c741463ff7) Importer(815301076,1909f56bfc062723c751e8b465ee728b)  -> (artifact id: '434513688194ea58740b385ce44a4afa') in 0.026712 seconds 
========================================================================
Received Import Request.
  Time since last request: 0.000029 seconds.
  path: Assets/ae65c36ad6542666d770688734a4a030fb6212a8/刻晴/Materials/面.png
  artifactKey: Guid(2b68caa6cfc3c4a449d5bd919c4ea5dd) Importer(815301076,1909f56bfc062723c751e8b465ee728b)
Start importing Assets/ae65c36ad6542666d770688734a4a030fb6212a8/刻晴/Materials/面.png using Guid(2b68caa6cfc3c4a449d5bd919c4ea5dd) Importer(815301076,1909f56bfc062723c751e8b465ee728b)  -> (artifact id: 'f7e51c5f9e858b84332c11bcd9c349df') in 0.087695 seconds 
========================================================================
Received Import Request.
  Time since last request: 41.888728 seconds.
  path: Assets/MMD4Mecanim
  artifactKey: Guid(948ed1e3c17e0ad4a9a7226c6d2899cd) Importer(815301076,1909f56bfc062723c751e8b465ee728b)
Start importing Assets/MMD4Mecanim using Guid(948ed1e3c17e0ad4a9a7226c6d2899cd) Importer(815301076,1909f56bfc062723c751e8b465ee728b)  -> (artifact id: 'e9beeff4d2d357484f8a3e54bf8de552') in 0.011808 seconds 
========================================================================
Received Import Request.
  Time since last request: 17.018266 seconds.
  path: Assets/ae65c36ad6542666d770688734a4a030fb6212a8/刻晴/sph/hair-sph.jpg
  artifactKey: Guid(6df8138d8ec683340bed6a898717e546) Importer(815301076,1909f56bfc062723c751e8b465ee728b)
Start importing Assets/ae65c36ad6542666d770688734a4a030fb6212a8/刻晴/sph/hair-sph.jpg using Guid(6df8138d8ec683340bed6a898717e546) Importer(815301076,1909f56bfc062723c751e8b465ee728b)  -> (artifact id: '6ebcf37fb924e1f7287b0ddd347cd14b') in 0.025073 seconds 
